<?xml version="1.0" encoding="UTF-8"?>
<!-- Generated by org.testng.reporters.JUnitReportReporter -->
<testsuite hostname="anand3825" name="com.challenge.Survey.SourceUtilTest" tests="3" failures="0" timestamp="10 Sep 2017 17:57:45 GMT" time="0.073" errors="0">
  <testcase name="testReadCSV" time="0.000" classname="com.challenge.Survey.SourceUtilTest"/>
  <testcase name="testAvgRatingQuestion" time="0.048" classname="com.challenge.Survey.SourceUtilTest"/>
  <testcase name="testParticipationPercentage" time="0.025" classname="com.challenge.Survey.SourceUtilTest"/>
</testsuite>
