<?xml version="1.0" encoding="UTF-8"?>
<!-- Generated by org.testng.reporters.JUnitReportReporter -->
<testsuite hostname="anand3825" name="com.challenge.Survey.SourceUtilTest" tests="3" failures="0" timestamp="6 Sep 2017 14:58:16 GMT" time="0.109" errors="0">
  <testcase name="testAvgRatingQuestion" time="0.040" classname="com.challenge.Survey.SourceUtilTest"/>
  <testcase name="testParticipationPercentage" time="0.069" classname="com.challenge.Survey.SourceUtilTest"/>
  <testcase name="testReadCSV" time="0.000" classname="com.challenge.Survey.SourceUtilTest"/>
</testsuite>
